# JRE version: OpenJDK Runtime Environment (11.0.13) (build 11.0.13+0-b1751.21-8125866)
# Java VM: OpenJDK 64-Bit Server VM (11.0.13+0-b1751.21-8125866, mixed mode, tiered, compressed oops, g1 gc, windows-amd64)
Heap:
 garbage-first heap   total 305152K, used 63189K [0x0000000708e00000, 0x0000000800000000)
  region size 1024K, 18 young (18432K), 7 survivors (7168K)
 Metaspace       used 60500K, capacity 61172K, committed 61444K, reserved 1103872K
  class space    used 6809K, capacity 7072K, committed 7116K, reserved 1048576K
GC Heap History (14 events):
Event: 1.350 GC heap before
{Heap before GC invocations=0 (full 0):
 garbage-first heap   total 253952K, used 28672K [0x0000000708e00000, 0x0000000800000000)
  region size 1024K, 24 young (24576K), 0 survivors (0K)
 Metaspace       used 12328K, capacity 12458K, committed 12672K, reserved 1060864K
  class space    used 1104K, capacity 1149K, committed 1152K, reserved 1048576K
}
Event: 1.355 GC heap after
{Heap after GC invocations=1 (full 0):
 garbage-first heap   total 253952K, used 7316K [0x0000000708e00000, 0x0000000800000000)
  region size 1024K, 3 young (3072K), 3 survivors (3072K)
 Metaspace       used 12328K, capacity 12458K, committed 12672K, reserved 1060864K
  class space    used 1104K, capacity 1149K, committed 1152K, reserved 1048576K
}
Event: 2.668 GC heap before
{Heap before GC invocations=1 (full 0):
 garbage-first heap   total 253952K, used 43156K [0x0000000708e00000, 0x0000000800000000)
  region size 1024K, 39 young (39936K), 3 survivors (3072K)
 Metaspace       used 20888K, capacity 21088K, committed 21296K, reserved 1069056K
  class space    used 2199K, capacity 2309K, committed 2432K, reserved 1048576K
}
Event: 2.679 GC heap after
{Heap after GC invocations=2 (full 0):
 garbage-first heap   total 253952K, used 11388K [0x0000000708e00000, 0x0000000800000000)
  region size 1024K, 7 young (7168K), 7 survivors (7168K)
 Metaspace       used 20888K, capacity 21088K, committed 21296K, reserved 1069056K
  class space    used 2199K, capacity 2309K, committed 2432K, reserved 1048576K
}
Event: 4.740 GC heap before
{Heap before GC invocations=3 (full 0):
 garbage-first heap   total 253952K, used 65660K [0x0000000708e00000, 0x0000000800000000)
  region size 1024K, 54 young (55296K), 7 survivors (7168K)
 Metaspace       used 32342K, capacity 32796K, committed 32944K, reserved 1079296K
  class space    used 3844K, capacity 4038K, committed 4096K, reserved 1048576K
}
Event: 4.760 GC heap after
{Heap after GC invocations=4 (full 0):
 garbage-first heap   total 253952K, used 23274K [0x0000000708e00000, 0x0000000800000000)
  region size 1024K, 6 young (6144K), 6 survivors (6144K)
 Metaspace       used 32342K, capacity 32796K, committed 32944K, reserved 1079296K
  class space    used 3844K, capacity 4038K, committed 4096K, reserved 1048576K
}
Event: 5.276 GC heap before
{Heap before GC invocations=4 (full 0):
 garbage-first heap   total 253952K, used 35562K [0x0000000708e00000, 0x0000000800000000)
  region size 1024K, 19 young (19456K), 6 survivors (6144K)
 Metaspace       used 35428K, capacity 35848K, committed 35920K, reserved 1081344K
  class space    used 4399K, capacity 4585K, committed 4608K, reserved 1048576K
}
Event: 5.286 GC heap after
{Heap after GC invocations=5 (full 0):
 garbage-first heap   total 253952K, used 25201K [0x0000000708e00000, 0x0000000800000000)
  region size 1024K, 2 young (2048K), 2 survivors (2048K)
 Metaspace       used 35428K, capacity 35848K, committed 35920K, reserved 1081344K
  class space    used 4399K, capacity 4585K, committed 4608K, reserved 1048576K
}
Event: 7.788 GC heap before
{Heap before GC invocations=6 (full 0):
 garbage-first heap   total 253952K, used 92785K [0x0000000708e00000, 0x0000000800000000)
  region size 1024K, 68 young (69632K), 2 survivors (2048K)
 Metaspace       used 49305K, capacity 49878K, committed 50204K, reserved 1093632K
  class space    used 5829K, capacity 6058K, committed 6092K, reserved 1048576K
}
Event: 7.804 GC heap after
{Heap after GC invocations=7 (full 0):
 garbage-first heap   total 253952K, used 31824K [0x0000000708e00000, 0x0000000800000000)
  region size 1024K, 9 young (9216K), 9 survivors (9216K)
 Metaspace       used 49305K, capacity 49878K, committed 50204K, reserved 1093632K
  class space    used 5829K, capacity 6058K, committed 6092K, reserved 1048576K
}
Event: 10.653 GC heap before
{Heap before GC invocations=7 (full 0):
 garbage-first heap   total 253952K, used 134224K [0x0000000708e00000, 0x0000000800000000)
  region size 1024K, 108 young (110592K), 9 survivors (9216K)
 Metaspace       used 56888K, capacity 57507K, committed 57756K, reserved 1099776K
  class space    used 6475K, capacity 6710K, committed 6732K, reserved 1048576K
}
Event: 10.691 GC heap after
{Heap after GC invocations=8 (full 0):
 garbage-first heap   total 253952K, used 45646K [0x0000000708e00000, 0x0000000800000000)
  region size 1024K, 14 young (14336K), 14 survivors (14336K)
 Metaspace       used 56888K, capacity 57507K, committed 57756K, reserved 1099776K
  class space    used 6475K, capacity 6710K, committed 6732K, reserved 1048576K
}
Event: 12.124 GC heap before
{Heap before GC invocations=8 (full 0):
 garbage-first heap   total 253952K, used 100942K [0x0000000708e00000, 0x0000000800000000)
  region size 1024K, 69 young (70656K), 14 survivors (14336K)
 Metaspace       used 59659K, capacity 60266K, committed 60420K, reserved 1103872K
  class space    used 6760K, capacity 7030K, committed 7116K, reserved 1048576K
}
Event: 12.189 GC heap after
{Heap after GC invocations=9 (full 0):
 garbage-first heap   total 305152K, used 52949K [0x0000000708e00000, 0x0000000800000000)
  region size 1024K, 7 young (7168K), 7 survivors (7168K)
 Metaspace       used 59659K, capacity 60266K, committed 60420K, reserved 1103872K
  class space    used 6760K, capacity 7030K, committed 7116K, reserved 1048576K
}

