# JRE version: OpenJDK Runtime Environment (11.0.13) (build 11.0.13+0-b1751.21-8125866)
# Java VM: OpenJDK 64-Bit Server VM (11.0.13+0-b1751.21-8125866, mixed mode, tiered, compressed oops, g1 gc, windows-amd64)
Heap:
 garbage-first heap   total 366592K, used 289341K [0x0000000080000000, 0x0000000100000000)
  region size 1024K, 199 young (203776K), 12 survivors (12288K)
 Metaspace       used 44810K, capacity 45974K, committed 46256K, reserved 1089536K
  class space    used 5669K, capacity 6089K, committed 6144K, reserved 1048576K
GC Heap History (20 events):
Event: 45.251 GC heap before
{Heap before GC invocations=27 (full 0):
 garbage-first heap   total 253952K, used 218497K [0x0000000080000000, 0x0000000100000000)
  region size 1024K, 138 young (141312K), 10 survivors (10240K)
 Metaspace       used 44488K, capacity 45631K, committed 45744K, reserved 1089536K
  class space    used 5626K, capacity 6064K, committed 6144K, reserved 1048576K
}
Event: 45.257 GC heap after
{Heap after GC invocations=28 (full 0):
 garbage-first heap   total 253952K, used 87070K [0x0000000080000000, 0x0000000100000000)
  region size 1024K, 11 young (11264K), 11 survivors (11264K)
 Metaspace       used 44488K, capacity 45631K, committed 45744K, reserved 1089536K
  class space    used 5626K, capacity 6064K, committed 6144K, reserved 1048576K
}
Event: 45.380 GC heap before
{Heap before GC invocations=28 (full 0):
 garbage-first heap   total 253952K, used 217118K [0x0000000080000000, 0x0000000100000000)
  region size 1024K, 137 young (140288K), 11 survivors (11264K)
 Metaspace       used 44488K, capacity 45631K, committed 45744K, reserved 1089536K
  class space    used 5626K, capacity 6064K, committed 6144K, reserved 1048576K
}
Event: 45.389 GC heap after
{Heap after GC invocations=29 (full 0):
 garbage-first heap   total 305152K, used 88241K [0x0000000080000000, 0x0000000100000000)
  region size 1024K, 11 young (11264K), 11 survivors (11264K)
 Metaspace       used 44488K, capacity 45631K, committed 45744K, reserved 1089536K
  class space    used 5626K, capacity 6064K, committed 6144K, reserved 1048576K
}
Event: 45.570 GC heap before
{Heap before GC invocations=29 (full 0):
 garbage-first heap   total 305152K, used 249009K [0x0000000080000000, 0x0000000100000000)
  region size 1024K, 168 young (172032K), 11 survivors (11264K)
 Metaspace       used 44488K, capacity 45631K, committed 45744K, reserved 1089536K
  class space    used 5626K, capacity 6064K, committed 6144K, reserved 1048576K
}
Event: 45.576 GC heap after
{Heap after GC invocations=30 (full 0):
 garbage-first heap   total 305152K, used 89522K [0x0000000080000000, 0x0000000100000000)
  region size 1024K, 13 young (13312K), 13 survivors (13312K)
 Metaspace       used 44488K, capacity 45631K, committed 45744K, reserved 1089536K
  class space    used 5626K, capacity 6064K, committed 6144K, reserved 1048576K
}
Event: 45.745 GC heap before
{Heap before GC invocations=30 (full 0):
 garbage-first heap   total 305152K, used 252338K [0x0000000080000000, 0x0000000100000000)
  region size 1024K, 172 young (176128K), 13 survivors (13312K)
 Metaspace       used 44490K, capacity 45631K, committed 45744K, reserved 1089536K
  class space    used 5626K, capacity 6064K, committed 6144K, reserved 1048576K
}
Event: 45.751 GC heap after
{Heap after GC invocations=31 (full 0):
 garbage-first heap   total 305152K, used 90886K [0x0000000080000000, 0x0000000100000000)
  region size 1024K, 13 young (13312K), 13 survivors (13312K)
 Metaspace       used 44490K, capacity 45631K, committed 45744K, reserved 1089536K
  class space    used 5626K, capacity 6064K, committed 6144K, reserved 1048576K
}
Event: 45.951 GC heap before
{Heap before GC invocations=31 (full 0):
 garbage-first heap   total 305152K, used 259846K [0x0000000080000000, 0x0000000100000000)
  region size 1024K, 178 young (182272K), 13 survivors (13312K)
 Metaspace       used 44490K, capacity 45631K, committed 45744K, reserved 1089536K
  class space    used 5626K, capacity 6064K, committed 6144K, reserved 1048576K
}
Event: 45.959 GC heap after
{Heap after GC invocations=32 (full 0):
 garbage-first heap   total 305152K, used 93427K [0x0000000080000000, 0x0000000100000000)
  region size 1024K, 15 young (15360K), 15 survivors (15360K)
 Metaspace       used 44490K, capacity 45631K, committed 45744K, reserved 1089536K
  class space    used 5626K, capacity 6064K, committed 6144K, reserved 1048576K
}
Event: 46.176 GC heap before
{Heap before GC invocations=32 (full 0):
 garbage-first heap   total 305152K, used 267507K [0x0000000080000000, 0x0000000100000000)
  region size 1024K, 176 young (180224K), 15 survivors (15360K)
 Metaspace       used 44493K, capacity 45695K, committed 46000K, reserved 1089536K
  class space    used 5626K, capacity 6064K, committed 6144K, reserved 1048576K
}
Event: 46.184 GC heap after
{Heap after GC invocations=33 (full 0):
 garbage-first heap   total 366592K, used 86589K [0x0000000080000000, 0x0000000100000000)
  region size 1024K, 9 young (9216K), 9 survivors (9216K)
 Metaspace       used 44493K, capacity 45695K, committed 46000K, reserved 1089536K
  class space    used 5626K, capacity 6064K, committed 6144K, reserved 1048576K
}
Event: 46.574 GC heap before
{Heap before GC invocations=33 (full 0):
 garbage-first heap   total 366592K, used 295485K [0x0000000080000000, 0x0000000100000000)
  region size 1024K, 213 young (218112K), 9 survivors (9216K)
 Metaspace       used 44493K, capacity 45695K, committed 46000K, reserved 1089536K
  class space    used 5626K, capacity 6064K, committed 6144K, reserved 1048576K
}
Event: 46.582 GC heap after
{Heap after GC invocations=34 (full 0):
 garbage-first heap   total 366592K, used 87844K [0x0000000080000000, 0x0000000100000000)
  region size 1024K, 11 young (11264K), 11 survivors (11264K)
 Metaspace       used 44493K, capacity 45695K, committed 46000K, reserved 1089536K
  class space    used 5626K, capacity 6064K, committed 6144K, reserved 1048576K
}
Event: 46.834 GC heap before
{Heap before GC invocations=34 (full 0):
 garbage-first heap   total 366592K, used 295716K [0x0000000080000000, 0x0000000100000000)
  region size 1024K, 214 young (219136K), 11 survivors (11264K)
 Metaspace       used 44493K, capacity 45695K, committed 46000K, reserved 1089536K
  class space    used 5626K, capacity 6064K, committed 6144K, reserved 1048576K
}
Event: 46.840 GC heap after
{Heap after GC invocations=35 (full 0):
 garbage-first heap   total 366592K, used 89588K [0x0000000080000000, 0x0000000100000000)
  region size 1024K, 12 young (12288K), 12 survivors (12288K)
 Metaspace       used 44493K, capacity 45695K, committed 46000K, reserved 1089536K
  class space    used 5626K, capacity 6064K, committed 6144K, reserved 1048576K
}
Event: 47.279 GC heap before
{Heap before GC invocations=35 (full 0):
 garbage-first heap   total 366592K, used 296436K [0x0000000080000000, 0x0000000100000000)
  region size 1024K, 214 young (219136K), 12 survivors (12288K)
 Metaspace       used 44494K, capacity 45695K, committed 46000K, reserved 1089536K
  class space    used 5626K, capacity 6064K, committed 6144K, reserved 1048576K
}
Event: 47.286 GC heap after
{Heap after GC invocations=36 (full 0):
 garbage-first heap   total 366592K, used 84816K [0x0000000080000000, 0x0000000100000000)
  region size 1024K, 11 young (11264K), 11 survivors (11264K)
 Metaspace       used 44494K, capacity 45695K, committed 46000K, reserved 1089536K
  class space    used 5626K, capacity 6064K, committed 6144K, reserved 1048576K
}
Event: 47.744 GC heap before
{Heap before GC invocations=36 (full 0):
 garbage-first heap   total 366592K, used 292688K [0x0000000080000000, 0x0000000100000000)
  region size 1024K, 214 young (219136K), 11 survivors (11264K)
 Metaspace       used 44494K, capacity 45695K, committed 46000K, reserved 1089536K
  class space    used 5626K, capacity 6064K, committed 6144K, reserved 1048576K
}
Event: 47.752 GC heap after
{Heap after GC invocations=37 (full 0):
 garbage-first heap   total 366592K, used 86589K [0x0000000080000000, 0x0000000100000000)
  region size 1024K, 12 young (12288K), 12 survivors (12288K)
 Metaspace       used 44494K, capacity 45695K, committed 46000K, reserved 1089536K
  class space    used 5626K, capacity 6064K, committed 6144K, reserved 1048576K
}

